{
  "stats": {
    "suites": 2,
    "tests": 2,
    "passes": 2,
    "pending": 0,
    "failures": 0,
    "testsRegistered": 2,
    "passPercent": 100,
    "pendingPercent": 0,
    "other": 0,
    "hasOther": false,
    "skipped": 0,
    "hasSkipped": false,
    "start": "2023-05-25T15:38:08.190Z",
    "end": "2023-05-25T15:38:20.532Z",
    "duration": 12342
  },
  "results": [
    {
      "uuid": "2883aea2-fc66-4659-9e61-aac818a1c7f9",
      "title": "",
      "fullFile": "cypress/e2e/api_tests.cy.js",
      "file": "cypress/e2e/api_tests.cy.js",
      "beforeHooks": [],
      "afterHooks": [],
      "tests": [],
      "suites": [
        {
          "uuid": "49b6ffbf-96c6-4f33-a931-ee34cce5d8c5",
          "title": "API test",
          "fullFile": "",
          "file": "",
          "beforeHooks": [],
          "afterHooks": [],
          "tests": [
            {
              "title": "should call public APIs endpoint and verify data",
              "fullTitle": "API test should call public APIs endpoint and verify data",
              "timedOut": null,
              "duration": 2880,
              "state": "passed",
              "speed": "fast",
              "pass": true,
              "fail": false,
              "pending": false,
              "context": null,
              "code": "// make get request to the provided api\ncy.request(\"https://api.publicapis.org/entries\").then(response => {\n  // expect response status to be 200\n  expect(response.status).to.eq(200);\n  // expect response body to have property 'entries'\n  expect(response.body).to.have.property(\"entries\");\n  // create new constant with entries whose category is equal to Authentication & Authorization\n  const authEntries = response.body.entries.filter(entry => entry.Category === \"Authentication & Authorization\");\n  // print the found entries\n  cy.log('Entries stored: ' + JSON.stringify(authEntries, null, 2));\n  console.log('Entries stored: ' + JSON.stringify(authEntries, null, 2));\n  // verify count\n  expect(authEntries.length).to.eq(7);\n});",
              "err": {},
              "uuid": "9c89f349-f730-48ac-8d5d-5ab3c3ba184b",
              "parentUUID": "49b6ffbf-96c6-4f33-a931-ee34cce5d8c5",
              "isHook": false,
              "skipped": false
            }
          ],
          "suites": [],
          "passes": [
            "9c89f349-f730-48ac-8d5d-5ab3c3ba184b"
          ],
          "failures": [],
          "pending": [],
          "skipped": [],
          "duration": 2880,
          "root": false,
          "rootEmpty": false,
          "_timeout": 2000
        }
      ],
      "passes": [],
      "failures": [],
      "pending": [],
      "skipped": [],
      "duration": 0,
      "root": true,
      "rootEmpty": true,
      "_timeout": 2000
    },
    {
      "uuid": "84c8f0b7-5d80-470f-9f30-fee9d9f40bfb",
      "title": "",
      "fullFile": "cypress/e2e/front_end.cy.js",
      "file": "cypress/e2e/front_end.cy.js",
      "beforeHooks": [],
      "afterHooks": [],
      "tests": [],
      "suites": [
        {
          "uuid": "11c1e4f0-7d6a-49fc-ab6a-338bd26cc49d",
          "title": "Sauce Demo Test",
          "fullFile": "",
          "file": "",
          "beforeHooks": [],
          "afterHooks": [],
          "tests": [
            {
              "title": "Verifies items sorting",
              "fullTitle": "Sauce Demo Test Verifies items sorting",
              "timedOut": null,
              "duration": 3437,
              "state": "passed",
              "speed": "fast",
              "pass": true,
              "fail": false,
              "pending": false,
              "context": null,
              "code": "// Visit the Saucedemo website\ncy.visit(\"https://www.saucedemo.com/\");\n// Type username and password, then click login button\ncy.get('[data-test=\"username\"]').type(\"standard_user\");\ncy.get('[data-test=\"password\"]').type(\"secret_sauce\");\ncy.get('[data-test=\"login-button\"]').click();\n// Change the sorting to \"Name (A to Z)\"\ncy.get(\".product_sort_container\").select(\"az\");\n// Grab all the product names and verify that they are sorted in ascending order\ncy.get(\".inventory_item_name\").then($items => {\n  // First, get a plain array from the jQuery array-like object ($items.get()).\n  // Then, sort that array in ascending order by the text content of each element.\n  // This sorted array is stored in the 'sorted' variable.\n  let sorted = $items.get().sort((a, b) => Cypress.$(a).text() > Cypress.$(b).text() ? 1 : -1);\n  $items.each((index, element) =>\n  // For each item, check whether the text of the item is equal to the text of the corresponding item in the sorted array\n  expect(element).to.have.text(sorted[index].textContent));\n});\n// Change the sorting to \"Name (Z to A)\"\ncy.get(\".product_sort_container\").select(\"za\");\n// Grab all the product names and verify that they are sorted in descending order\ncy.get(\".inventory_item_name\").then($items => {\n  // Similar to before, but this time the array is sorted in descending order\n  let sorted = $items.get().sort((a, b) => Cypress.$(a).text() < Cypress.$(b).text() ? 1 : -1);\n  $items.each((index, element) =>\n  // For each item, check whether the text of the item is equal to the text of the corresponding item in the sorted array\n  expect(element).to.have.text(sorted[index].textContent));\n});",
              "err": {},
              "uuid": "8a7727e5-9cb6-4f7a-9388-ed956a2ccad1",
              "parentUUID": "11c1e4f0-7d6a-49fc-ab6a-338bd26cc49d",
              "isHook": false,
              "skipped": false
            }
          ],
          "suites": [],
          "passes": [
            "8a7727e5-9cb6-4f7a-9388-ed956a2ccad1"
          ],
          "failures": [],
          "pending": [],
          "skipped": [],
          "duration": 3437,
          "root": false,
          "rootEmpty": false,
          "_timeout": 2000
        }
      ],
      "passes": [],
      "failures": [],
      "pending": [],
      "skipped": [],
      "duration": 0,
      "root": true,
      "rootEmpty": true,
      "_timeout": 2000
    }
  ],
  "meta": {
    "mocha": {
      "version": "7.0.1"
    },
    "mochawesome": {
      "options": {
        "quiet": false,
        "reportFilename": "mochawesome",
        "saveHtml": false,
        "saveJson": true,
        "consoleReporter": "spec",
        "useInlineDiffs": false,
        "code": true
      },
      "version": "7.1.3"
    },
    "marge": {
      "options": {
        "reportDir": "cypress/reports/mocha",
        "overwrite": false,
        "html": false,
        "json": true
      },
      "version": "6.2.0"
    }
  }
}